Determining if the pthread_create exist failed with the following output:
Change Dir: /opt/ros/hydro/share/vrep/vrep_plugin/lib/CMakeFiles/CMakeTmp

Run Build Command:/usr/bin/make "cmTryCompileExec1607060541/fast"
/usr/bin/make -f CMakeFiles/cmTryCompileExec1607060541.dir/build.make CMakeFiles/cmTryCompileExec1607060541.dir/build
make[1]: ingresso nella directory "/opt/ros/hydro/share/vrep/vrep_plugin/lib/CMakeFiles/CMakeTmp"
/usr/bin/cmake -E cmake_progress_report /opt/ros/hydro/share/vrep/vrep_plugin/lib/CMakeFiles/CMakeTmp/CMakeFiles 1
Building C object CMakeFiles/cmTryCompileExec1607060541.dir/CheckSymbolExists.c.o
/usr/bin/cc    -o CMakeFiles/cmTryCompileExec1607060541.dir/CheckSymbolExists.c.o   -c /opt/ros/hydro/share/vrep/vrep_plugin/lib/CMakeFiles/CMakeTmp/CheckSymbolExists.c
Linking C executable cmTryCompileExec1607060541
/usr/bin/cmake -E cmake_link_script CMakeFiles/cmTryCompileExec1607060541.dir/link.txt --verbose=1
/usr/bin/cc         CMakeFiles/cmTryCompileExec1607060541.dir/CheckSymbolExists.c.o  -o cmTryCompileExec1607060541 -rdynamic 
CMakeFiles/cmTryCompileExec1607060541.dir/CheckSymbolExists.c.o: nella funzione "main":
CheckSymbolExists.c:(.text+0x16): riferimento non definito a "pthread_create"
collect2: error: ld returned 1 exit status
make[1]: *** [cmTryCompileExec1607060541] Errore 1
make[1]: uscita dalla directory "/opt/ros/hydro/share/vrep/vrep_plugin/lib/CMakeFiles/CMakeTmp"
make: *** [cmTryCompileExec1607060541/fast] Errore 2

File /opt/ros/hydro/share/vrep/vrep_plugin/lib/CMakeFiles/CMakeTmp/CheckSymbolExists.c:
/* */
#include <pthread.h>

int main(int argc, char** argv)
{
  (void)argv;
#ifndef pthread_create
  return ((int*)(&pthread_create))[argc];
#else
  (void)argc;
  return 0;
#endif
}

Determining if the function pthread_create exists in the pthreads failed with the following output:
Change Dir: /opt/ros/hydro/share/vrep/vrep_plugin/lib/CMakeFiles/CMakeTmp

Run Build Command:/usr/bin/make "cmTryCompileExec3927568932/fast"
/usr/bin/make -f CMakeFiles/cmTryCompileExec3927568932.dir/build.make CMakeFiles/cmTryCompileExec3927568932.dir/build
make[1]: ingresso nella directory "/opt/ros/hydro/share/vrep/vrep_plugin/lib/CMakeFiles/CMakeTmp"
/usr/bin/cmake -E cmake_progress_report /opt/ros/hydro/share/vrep/vrep_plugin/lib/CMakeFiles/CMakeTmp/CMakeFiles 1
Building C object CMakeFiles/cmTryCompileExec3927568932.dir/CheckFunctionExists.c.o
/usr/bin/cc   -DCHECK_FUNCTION_EXISTS=pthread_create   -o CMakeFiles/cmTryCompileExec3927568932.dir/CheckFunctionExists.c.o   -c /usr/share/cmake-2.8/Modules/CheckFunctionExists.c
Linking C executable cmTryCompileExec3927568932
/usr/bin/cmake -E cmake_link_script CMakeFiles/cmTryCompileExec3927568932.dir/link.txt --verbose=1
/usr/bin/cc     -DCHECK_FUNCTION_EXISTS=pthread_create    CMakeFiles/cmTryCompileExec3927568932.dir/CheckFunctionExists.c.o  -o cmTryCompileExec3927568932 -rdynamic -lpthreads 
/usr/bin/ld: impossibile trovare -lpthreads
collect2: error: ld returned 1 exit status
make[1]: *** [cmTryCompileExec3927568932] Errore 1
make[1]: uscita dalla directory "/opt/ros/hydro/share/vrep/vrep_plugin/lib/CMakeFiles/CMakeTmp"
make: *** [cmTryCompileExec3927568932/fast] Errore 2


